This is pdfTeX, Version 3.14159265-2.6-1.40.19 (MiKTeX 2.9.6730 64-bit) (preloaded format=pdflatex 2018.8.18)  26 AUG 2018 12:56
entering extended mode
**./AutoCalib.tex
(AutoCalib.tex
LaTeX2e <2018-04-01> patch level 5

("C:\Users\jquebbeman\AppData\Local\Programs\MiKTeX 2.9\tex\latex\base\article.
cls"
Document Class: article 2014/09/29 v1.4h Standard LaTeX document class

("C:\Users\jquebbeman\AppData\Local\Programs\MiKTeX 2.9\tex\latex\base\size11.c
lo"
File: size11.clo 2014/09/29 v1.4h Standard LaTeX file (size option)
)
\c@part=\count80
\c@section=\count81
\c@subsection=\count82
\c@subsubsection=\count83
\c@paragraph=\count84
\c@subparagraph=\count85
\c@figure=\count86
\c@table=\count87
\abovecaptionskip=\skip41
\belowcaptionskip=\skip42
\bibindent=\dimen102
)
("C:\Users\jquebbeman\AppData\Local\Programs\MiKTeX 2.9\tex\latex\base\inputenc
.sty"
Package: inputenc 2018/04/06 v1.3b Input encoding file
\inpenc@prehook=\toks14
\inpenc@posthook=\toks15
)
("C:\Users\jquebbeman\AppData\Local\Programs\MiKTeX 2.9\tex\latex\geometry\geom
etry.sty"
Package: geometry 2018/04/16 v5.8 Page Geometry

("C:\Users\jquebbeman\AppData\Local\Programs\MiKTeX 2.9\tex\latex\graphics\keyv
al.sty"
Package: keyval 2014/10/28 v1.15 key=value parser (DPC)
\KV@toks@=\toks16
)
("C:\Users\jquebbeman\AppData\Local\Programs\MiKTeX 2.9\tex\generic\oberdiek\if
pdf.sty"
Package: ifpdf 2017/03/15 v3.2 Provides the ifpdf switch
)
("C:\Users\jquebbeman\AppData\Local\Programs\MiKTeX 2.9\tex\generic\oberdiek\if
vtex.sty"
Package: ifvtex 2016/05/16 v1.6 Detect VTeX and its facilities (HO)
Package ifvtex Info: VTeX not detected.
)
("C:\Users\jquebbeman\AppData\Local\Programs\MiKTeX 2.9\tex\generic\ifxetex\ifx
etex.sty"
Package: ifxetex 2010/09/12 v0.6 Provides ifxetex conditional
)
\Gm@cnth=\count88
\Gm@cntv=\count89
\c@Gm@tempcnt=\count90
\Gm@bindingoffset=\dimen103
\Gm@wd@mp=\dimen104
\Gm@odd@mp=\dimen105
\Gm@even@mp=\dimen106
\Gm@layoutwidth=\dimen107
\Gm@layoutheight=\dimen108
\Gm@layouthoffset=\dimen109
\Gm@layoutvoffset=\dimen110
\Gm@dimlist=\toks17

("C:\Users\jquebbeman\AppData\Local\Programs\MiKTeX 2.9\tex\latex\geometry\geom
etry.cfg"))
("C:\Users\jquebbeman\AppData\Local\Programs\MiKTeX 2.9\tex\latex\graphics\grap
hicx.sty"
Package: graphicx 2017/06/01 v1.1a Enhanced LaTeX Graphics (DPC,SPQR)

("C:\Users\jquebbeman\AppData\Local\Programs\MiKTeX 2.9\tex\latex\graphics\grap
hics.sty"
Package: graphics 2017/06/25 v1.2c Standard LaTeX Graphics (DPC,SPQR)

("C:\Users\jquebbeman\AppData\Local\Programs\MiKTeX 2.9\tex\latex\graphics\trig
.sty"
Package: trig 2016/01/03 v1.10 sin cos tan (DPC)
)
("C:\Users\jquebbeman\AppData\Local\Programs\MiKTeX 2.9\tex\latex\graphics-cfg\
graphics.cfg"
File: graphics.cfg 2016/06/04 v1.11 sample graphics configuration
)
Package graphics Info: Driver file: pdftex.def on input line 99.

("C:\Users\jquebbeman\AppData\Local\Programs\MiKTeX 2.9\tex\latex\graphics-def\
pdftex.def"
File: pdftex.def 2018/01/08 v1.0l Graphics/color driver for pdftex
))
\Gin@req@height=\dimen111
\Gin@req@width=\dimen112
)
("C:\Users\jquebbeman\AppData\Local\Programs\MiKTeX 2.9\tex\latex\booktabs\book
tabs.sty"
Package: booktabs 2005/04/14 v1.61803 publication quality tables
\heavyrulewidth=\dimen113
\lightrulewidth=\dimen114
\cmidrulewidth=\dimen115
\belowrulesep=\dimen116
\belowbottomsep=\dimen117
\aboverulesep=\dimen118
\abovetopsep=\dimen119
\cmidrulesep=\dimen120
\cmidrulekern=\dimen121
\defaultaddspace=\dimen122
\@cmidla=\count91
\@cmidlb=\count92
\@aboverulesep=\dimen123
\@belowrulesep=\dimen124
\@thisruleclass=\count93
\@lastruleclass=\count94
\@thisrulewidth=\dimen125
)
("C:\Users\jquebbeman\AppData\Local\Programs\MiKTeX 2.9\tex\latex\tools\array.s
ty"
Package: array 2018/04/30 v2.4h Tabular extension package (FMi)
\col@sep=\dimen126
\ar@mcellbox=\box26
\extrarowheight=\dimen127
\NC@list=\toks18
\extratabsurround=\skip43
\backup@length=\skip44
\ar@cellbox=\box27
)
("C:\Users\jquebbeman\AppData\Local\Programs\MiKTeX 2.9\tex\latex\paralist\para
list.sty"
Package: paralist 2017/01/22 v2.7 Extended list environments
\pltopsep=\skip45
\plpartopsep=\skip46
\plitemsep=\skip47
\plparsep=\skip48
\pl@lab=\toks19
)
("C:\Users\jquebbeman\AppData\Local\Programs\MiKTeX 2.9\tex\latex\tools\verbati
m.sty"
Package: verbatim 2014/10/28 v1.5q LaTeX2e package for verbatim enhancements
\every@verbatim=\toks20
\verbatim@line=\toks21
\verbatim@in@stream=\read1
)
("C:\Users\jquebbeman\AppData\Local\Programs\MiKTeX 2.9\tex\latex\subfig\subfig
.sty"
Package: subfig 2005/06/28 ver: 1.3 subfig package

("C:\Users\jquebbeman\AppData\Local\Programs\MiKTeX 2.9\tex\latex\caption\capti
on.sty"
Package: caption 2018/05/01 v3.3-147 Customizing captions (AR)

("C:\Users\jquebbeman\AppData\Local\Programs\MiKTeX 2.9\tex\latex\caption\capti
on3.sty"
Package: caption3 2018/05/27 v1.8a caption3 kernel (AR)
Package caption3 Info: TeX engine: e-TeX on input line 64.
\captionmargin=\dimen128
\captionmargin@=\dimen129
\captionwidth=\dimen130
\caption@tempdima=\dimen131
\caption@indent=\dimen132
\caption@parindent=\dimen133
\caption@hangindent=\dimen134
)
\c@ContinuedFloat=\count95
)
\c@KVtest=\count96
\sf@farskip=\skip49
\sf@captopadj=\dimen135
\sf@capskip=\skip50
\sf@nearskip=\skip51
\c@subfigure=\count97
\c@subfigure@save=\count98
\c@lofdepth=\count99
\c@subtable=\count100
\c@subtable@save=\count101
\c@lotdepth=\count102
\sf@top=\skip52
\sf@bottom=\skip53
)
("C:\Users\jquebbeman\AppData\Local\Programs\MiKTeX 2.9\tex\latex\fancyhdr\fanc
yhdr.sty"
Package: fancyhdr 2017/06/30 v3.9a Extensive control of page headers and footer
s
\f@nch@headwidth=\skip54
\f@nch@O@elh=\skip55
\f@nch@O@erh=\skip56
\f@nch@O@olh=\skip57
\f@nch@O@orh=\skip58
\f@nch@O@elf=\skip59
\f@nch@O@erf=\skip60
\f@nch@O@olf=\skip61
\f@nch@O@orf=\skip62
)
("C:\Users\jquebbeman\AppData\Local\Programs\MiKTeX 2.9\tex\latex\sectsty\sects
ty.sty"
Package: sectsty 2002/02/25 v2.0.2 Commands to change all sectional heading sty
les
)
("C:\Users\jquebbeman\AppData\Local\Programs\MiKTeX 2.9\tex\latex\tocbibind\toc
bibind.sty"
Package: tocbibind 2010/10/13 v1.5k extra ToC listings
Package tocbibind Info: The document has section divisions on input line 50.


Package tocbibind Note: Using section or other style headings.

)
("C:\Users\jquebbeman\AppData\Local\Programs\MiKTeX 2.9\tex\latex\tocloft\toclo
ft.sty"
Package: tocloft 2017/08/31 v2.3i parameterised ToC, etc., typesetting
Package tocloft Info: The document has section divisions on input line 51.
\cftparskip=\skip63
\cftbeforetoctitleskip=\skip64
\cftaftertoctitleskip=\skip65
\cftbeforepartskip=\skip66
\cftpartnumwidth=\skip67
\cftpartindent=\skip68
\cftbeforesecskip=\skip69
\cftsecindent=\skip70
\cftsecnumwidth=\skip71
\cftbeforesubsecskip=\skip72
\cftsubsecindent=\skip73
\cftsubsecnumwidth=\skip74
\cftbeforesubsubsecskip=\skip75
\cftsubsubsecindent=\skip76
\cftsubsubsecnumwidth=\skip77
\cftbeforeparaskip=\skip78
\cftparaindent=\skip79
\cftparanumwidth=\skip80
\cftbeforesubparaskip=\skip81
\cftsubparaindent=\skip82
\cftsubparanumwidth=\skip83
\cftbeforeloftitleskip=\skip84
\cftafterloftitleskip=\skip85
\cftbeforefigskip=\skip86
\cftfigindent=\skip87
\cftfignumwidth=\skip88
\cftbeforelottitleskip=\skip89
\cftafterlottitleskip=\skip90
\cftbeforetabskip=\skip91
\cfttabindent=\skip92
\cfttabnumwidth=\skip93
\cftbeforesubfigskip=\skip94
\cftsubfigindent=\skip95
\cftsubfignumwidth=\skip96
\cftbeforesubtabskip=\skip97
\cftsubtabindent=\skip98
\cftsubtabnumwidth=\skip99
) (AutoCalib.aux)
\openout1 = `AutoCalib.aux'.

LaTeX Font Info:    Checking defaults for OML/cmm/m/it on input line 61.
LaTeX Font Info:    ... okay on input line 61.
LaTeX Font Info:    Checking defaults for T1/cmr/m/n on input line 61.
LaTeX Font Info:    ... okay on input line 61.
LaTeX Font Info:    Checking defaults for OT1/cmr/m/n on input line 61.
LaTeX Font Info:    ... okay on input line 61.
LaTeX Font Info:    Checking defaults for OMS/cmsy/m/n on input line 61.
LaTeX Font Info:    ... okay on input line 61.
LaTeX Font Info:    Checking defaults for OMX/cmex/m/n on input line 61.
LaTeX Font Info:    ... okay on input line 61.
LaTeX Font Info:    Checking defaults for U/cmr/m/n on input line 61.
LaTeX Font Info:    ... okay on input line 61.

*geometry* driver: auto-detecting
*geometry* detected driver: pdftex
*geometry* verbose mode - [ preamble ] result:
* driver: pdftex
* paper: letterpaper
* layout: <same size as paper>
* layoutoffset:(h,v)=(0.0pt,0.0pt)
* modes: 
* h-part:(L,W,R)=(92.14519pt, 430.00462pt, 92.14519pt)
* v-part:(T,H,B)=(95.39737pt, 556.47656pt, 143.09605pt)
* \paperwidth=614.295pt
* \paperheight=794.96999pt
* \textwidth=430.00462pt
* \textheight=556.47656pt
* \oddsidemargin=19.8752pt
* \evensidemargin=19.8752pt
* \topmargin=-13.87262pt
* \headheight=12.0pt
* \headsep=25.0pt
* \topskip=11.0pt
* \footskip=30.0pt
* \marginparwidth=59.0pt
* \marginparsep=10.0pt
* \columnsep=10.0pt
* \skip\footins=10.0pt plus 4.0pt minus 2.0pt
* \hoffset=0.0pt
* \voffset=0.0pt
* \mag=1000
* \@twocolumnfalse
* \@twosidefalse
* \@mparswitchfalse
* \@reversemarginfalse
* (1in=72.27pt=25.4mm, 1cm=28.453pt)


("C:\Users\jquebbeman\AppData\Local\Programs\MiKTeX 2.9\tex\context\base\supp-p
df.mkii"
[Loading MPS to PDF converter (version 2006.09.02).]
\scratchcounter=\count103
\scratchdimen=\dimen136
\scratchbox=\box28
\nofMPsegments=\count104
\nofMParguments=\count105
\everyMPshowfont=\toks22
\MPscratchCnt=\count106
\MPscratchDim=\dimen137
\MPnumerator=\count107
\makeMPintoPDFobject=\count108
\everyMPtoPDFconversion=\toks23
)
("C:\Users\jquebbeman\AppData\Local\Programs\MiKTeX 2.9\tex\latex\oberdiek\epst
opdf-base.sty"
Package: epstopdf-base 2016/05/15 v2.6 Base part for package epstopdf

("C:\Users\jquebbeman\AppData\Local\Programs\MiKTeX 2.9\tex\generic\oberdiek\in
fwarerr.sty"
Package: infwarerr 2016/05/16 v1.4 Providing info/warning/error messages (HO)
)
("C:\Users\jquebbeman\AppData\Local\Programs\MiKTeX 2.9\tex\latex\oberdiek\grfe
xt.sty"
Package: grfext 2016/05/16 v1.2 Manage graphics extensions (HO)

("C:\Users\jquebbeman\AppData\Local\Programs\MiKTeX 2.9\tex\generic\oberdiek\kv
definekeys.sty"
Package: kvdefinekeys 2016/05/16 v1.4 Define keys (HO)

("C:\Users\jquebbeman\AppData\Local\Programs\MiKTeX 2.9\tex\generic\oberdiek\lt
xcmds.sty"
Package: ltxcmds 2016/05/16 v1.23 LaTeX kernel commands for general use (HO)
)))
("C:\Users\jquebbeman\AppData\Local\Programs\MiKTeX 2.9\tex\latex\oberdiek\kvop
tions.sty"
Package: kvoptions 2016/05/16 v3.12 Key value format for package options (HO)

("C:\Users\jquebbeman\AppData\Local\Programs\MiKTeX 2.9\tex\generic\oberdiek\kv
setkeys.sty"
Package: kvsetkeys 2016/05/16 v1.17 Key value parser (HO)

("C:\Users\jquebbeman\AppData\Local\Programs\MiKTeX 2.9\tex\generic\oberdiek\et
excmds.sty"
Package: etexcmds 2016/05/16 v1.6 Avoid name clashes with e-TeX commands (HO)

("C:\Users\jquebbeman\AppData\Local\Programs\MiKTeX 2.9\tex\generic\oberdiek\if
luatex.sty"
Package: ifluatex 2016/05/16 v1.4 Provides the ifluatex switch (HO)
Package ifluatex Info: LuaTeX not detected.
)
Package etexcmds Info: Could not find \expanded.
(etexcmds)             That can mean that you are not using pdfTeX 1.50 or
(etexcmds)             that some package has redefined \expanded.
(etexcmds)             In the latter case, load this package earlier.
)))
("C:\Users\jquebbeman\AppData\Local\Programs\MiKTeX 2.9\tex\generic\oberdiek\pd
ftexcmds.sty"
Package: pdftexcmds 2018/01/30 v0.27 Utility functions of pdfTeX for LuaTeX (HO
)
Package pdftexcmds Info: LuaTeX not detected.
Package pdftexcmds Info: \pdf@primitive is available.
Package pdftexcmds Info: \pdf@ifprimitive is available.
Package pdftexcmds Info: \pdfdraftmode found.
)
Package epstopdf-base Info: Redefining graphics rule for `.eps' on input line 4
38.
Package grfext Info: Graphics extension search list:
(grfext)             [.pdf,.png,.jpg,.mps,.jpeg,.jbig2,.jb2,.PDF,.PNG,.JPG,.JPE
G,.JBIG2,.JB2,.eps]
(grfext)             \AppendGraphicsExtensions on input line 456.
)
Package caption Info: Begin \AtBeginDocument code.
Package caption Info: subfig package v1.3 is loaded.
Package caption Info: End \AtBeginDocument code.
LaTeX Font Info:    External font `cmex10' loaded for size
(Font)              <12> on input line 62.
LaTeX Font Info:    External font `cmex10' loaded for size
(Font)              <8> on input line 62.
LaTeX Font Info:    External font `cmex10' loaded for size
(Font)              <6> on input line 62.
 [1

{C:/Users/jquebbeman/AppData/Local/MiKTeX/2.9/pdftex/config/pdftex.map}] [2] (A
utoCalib.aux) ) 
Here is how much of TeX's memory you used:
 3998 strings out of 492973
 63994 string characters out of 3124477
 137414 words of memory out of 3000000
 7825 multiletter control sequences out of 15000+200000
 9435 words of font info for 33 fonts, out of 3000000 for 9000
 1141 hyphenation exceptions out of 8191
 44i,10n,43p,1069b,184s stack positions out of 5000i,500n,10000p,200000b,50000s
<C:/Users/jquebbeman/AppData/Local/Programs/MiKTeX 2.9/fonts/typ
e1/public/amsfonts/cm/cmr10.pfb><C:/Users/jquebbeman/AppData/Local/Programs/MiK
TeX 2.9/fonts/type1/public/amsfonts/cm/cmr12.pfb><C:/Users/jquebbeman/AppData/L
ocal/Programs/MiKTeX 2.9/fonts/type1/public/amsfonts/cm/cmr17.pfb><C:/Users/jqu
ebbeman/AppData/Local/Programs/MiKTeX 2.9/fonts/type1/public/amsfonts/cm/cmss12
.pfb><C:/Users/jquebbeman/AppData/Local/Programs/MiKTeX 2.9/fonts/type1/public/
amsfonts/cm/cmti10.pfb>
Output written on AutoCalib.pdf (2 pages, 72053 bytes).
PDF statistics:
 29 PDF objects out of 1000 (max. 8388607)
 0 named destinations out of 1000 (max. 500000)
 1 words of extra memory for PDF output out of 10000 (max. 10000000)

